Build environment: Linux-6.6.98-40.2.tl4.x86_64-x86_64-with-glibc2.39
Build start time: 04:59:47, Apr.24 2026

WORKSPACE        = /workspace/edk2
PACKAGES_PATH    = /workspace/edk2
EDK_TOOLS_PATH   = /workspace/edk2/BaseTools
CONF_PATH        = /workspace/edk2/Conf
PYTHON_COMMAND   = /usr/bin/python3


Architecture(s)  = AARCH64
Build target     = DEBUG
Toolchain        = CLANG35

Active Platform          = /workspace/edk2/QcomModulePkg/QcomModulePkg.dsc
Building ... /workspace/edk2/QcomModulePkg/Library/lz4/lib/Lz4Lib.inf [AARCH64]
make: Nothing to be done for 'tbuild'.
Building ... /workspace/edk2/QcomModulePkg/Library/FastbootLib/FastbootLib.inf [AARCH64]
make: Nothing to be done for 'tbuild'.
Building ... /workspace/edk2/EmbeddedPkg/Library/LibUfdt/LibUfdt.inf [AARCH64]
make: Nothing to be done for 'tbuild'.
Building ... /workspace/edk2/ArmPkg/Library/ArmSmcLib/ArmSmcLib.inf [AARCH64]
make: Nothing to be done for 'tbuild'.
Building ... /workspace/edk2/MdePkg/Library/UefiApplicationEntryPoint/UefiApplicationEntryPoint.inf [AARCH64]
make: Nothing to be done for 'tbuild'.
Building ... /workspace/edk2/QcomModulePkg/Library/BootLib/BootLib.inf [AARCH64]
make: Nothing to be done for 'tbuild'.
Building ... /workspace/edk2/ArmPkg/Library/CompilerIntrinsicsLib/CompilerIntrinsicsLib.inf [AARCH64]
make: Nothing to be done for 'tbuild'.
Building ... /workspace/edk2/ArmPkg/Library/ArmCacheMaintenanceLib/ArmCacheMaintenanceLib.inf [AARCH64]
make: Nothing to be done for 'tbuild'.
Building ... /workspace/edk2/QcomModulePkg/Library/zlib/zlib.inf [AARCH64]
make: Nothing to be done for 'tbuild'.
Building ... /workspace/edk2/MdePkg/Library/DxeHobLib/DxeHobLib.inf [AARCH64]
make: Nothing to be done for 'tbuild'.
Building ... /workspace/edk2/MdeModulePkg/Library/DxePerformanceLib/DxePerformanceLib.inf [AARCH64]
make: Nothing to be done for 'tbuild'.
Building ... /workspace/edk2/ArmPkg/Library/ArmArchTimerLib/ArmArchTimerLib.inf [AARCH64]
make: Nothing to be done for 'tbuild'.
Building ... /workspace/edk2/QcomModulePkg/Library/StackCanary/StackCanary.inf [AARCH64]
make: Nothing to be done for 'tbuild'.
Building ... /workspace/edk2/QcomModulePkg/Library/UbsanLib/UbsanLib.inf [AARCH64]
make: Nothing to be done for 'tbuild'.
Building ... /workspace/edk2/QcomModulePkg/Library/aes/AesLib.inf [AARCH64]
make: Nothing to be done for 'tbuild'.
Building ... /workspace/edk2/QcomModulePkg/Library/OpenDice/open-dice.inf [AARCH64]
make: Nothing to be done for 'tbuild'.
Building ... /workspace/edk2/QcomModulePkg/Library/avb/AvbLib.inf [AARCH64]
make: Nothing to be done for 'tbuild'.
Building ... /workspace/edk2/ArmPkg/Library/ArmGenericTimerPhyCounterLib/ArmGenericTimerPhyCounterLib.inf [AARCH64]
make: Nothing to be done for 'tbuild'.
Building ... /workspace/edk2/MdePkg/Library/DxeServicesTableLib/DxeServicesTableLib.inf [AARCH64]
make: Nothing to be done for 'tbuild'.
Building ... /workspace/edk2/EmbeddedPkg/Library/FdtLib/FdtLib.inf [AARCH64]
make: Nothing to be done for 'tbuild'.
Building ... /workspace/edk2/ArmPkg/Library/ArmLib/ArmBaseLib.inf [AARCH64]
make: Nothing to be done for 'tbuild'.
Building ... /workspace/edk2/MdePkg/Library/UefiLib/UefiLib.inf [AARCH64]
make: Nothing to be done for 'tbuild'.
Building ... /workspace/edk2/MdePkg/Library/UefiRuntimeServicesTableLib/UefiRuntimeServicesTableLib.inf [AARCH64]
make: Nothing to be done for 'tbuild'.
Building ... /workspace/edk2/MdePkg/Library/UefiBootServicesTableLib/UefiBootServicesTableLib.inf [AARCH64]
make: Nothing to be done for 'tbuild'.
Building ... /workspace/edk2/MdePkg/Library/BaseLib/BaseLib.inf [AARCH64]
make: Nothing to be done for 'tbuild'.
Building ... /workspace/edk2/MdeModulePkg/Library/PeiDxeDebugLibReportStatusCode/PeiDxeDebugLibReportStatusCode.inf [AARCH64]
make: Nothing to be done for 'tbuild'.
Building ... /workspace/edk2/MdePkg/Library/UefiDevicePathLib/UefiDevicePathLib.inf [AARCH64]
make: Nothing to be done for 'tbuild'.
Building ... /workspace/edk2/MdePkg/Library/BaseDebugPrintErrorLevelLib/BaseDebugPrintErrorLevelLib.inf [AARCH64]
make: Nothing to be done for 'tbuild'.
Building ... /workspace/edk2/MdePkg/Library/BasePcdLibNull/BasePcdLibNull.inf [AARCH64]
make: Nothing to be done for 'tbuild'.
Building ... /workspace/edk2/MdePkg/Library/BaseMemoryLibOptDxe/BaseMemoryLibOptDxe.inf [AARCH64]
make: Nothing to be done for 'tbuild'.
Building ... /workspace/edk2/MdePkg/Library/UefiMemoryAllocationLib/UefiMemoryAllocationLib.inf [AARCH64]
make: Nothing to be done for 'tbuild'.
Building ... /workspace/edk2/MdePkg/Library/BasePrintLib/BasePrintLib.inf [AARCH64]
make: Nothing to be done for 'tbuild'.
Building ... /workspace/edk2/MdeModulePkg/Library/DxeReportStatusCodeLib/DxeReportStatusCodeLib.inf [AARCH64]
make: Nothing to be done for 'tbuild'.
Building ... /workspace/edk2/QcomModulePkg/Application/LinuxLoader/LinuxLoader.inf [AARCH64]
make: Nothing to be done for 'tbuild'.
Building ... /workspace/edk2/QcomModulePkg/Application/DualStageLoader/DualStageLoader.inf [AARCH64]
make: Nothing to be done for 'tbuild'.

Fd File Name:QCOMMODULE_EFI (/workspace/edk2/out/Build/DEBUG_CLANG35/FV/QCOMMODULE_EFI.fd)

Generate Region at Offset 0x0
   Region Size = 0x3D000
   Region Name = FV

Generating FVMAIN_COMPACT FV

Generating FVMAIN FV

GUID cross reference file can be found at /workspace/edk2/out/Build/DEBUG_CLANG35/FV/Guid.xref

FV Space Information
FVMAIN [99%Full] 1020160 total, 1020144 used, 16 free
FVMAIN_COMPACT [83%Full] 249856 total, 209440 used, 40416 free

- Done -
Build end time: 04:59:48, Apr.24 2026
Build total time: 00:00:01

